           1   7720.0000000000000        1.4186400606060450E-028   2.7304718425742225E-002
           2   7720.1000000000004        1.4187138265142978E-028   2.7304723409793931E-002
           3   7720.1999999999998        1.4187875953073000E-028   2.7304728393918506E-002
           4   7720.3000000000002        1.4188613669874304E-028   2.7304733378115446E-002
           5   7720.3999999999996        1.4189351415559152E-028   2.7304738362385127E-002
           6   7720.5000000000000        1.4190089190128314E-028   2.7304743346727556E-002
           7   7720.6000000000004        1.4190826993536495E-028   2.7304748331142468E-002
           8   7720.6999999999998        1.4191564825830511E-028   2.7304753315630002E-002
           9   7720.8000000000002        1.4192302687011136E-028   2.7304758300190274E-002
          10   7720.8999999999996        1.4193040577056090E-028   2.7304763284823168E-002
          11   7721.0000000000000        1.4193778495954609E-028   2.7304768269528670E-002
          12   7721.1000000000004        1.4194516443753545E-028   2.7304773254306799E-002
          13   7721.1999999999998        1.4195254420419069E-028   2.7304778239157536E-002
          14   7721.3000000000002        1.4195992425975019E-028   2.7304783224081020E-002
          15   7721.3999999999996        1.4196730460399103E-028   2.7304788209077124E-002
          16   7721.5000000000000        1.4197468523715126E-028   2.7304793194145836E-002
          17   7721.6000000000004        1.4198206615900798E-028   2.7304798179287042E-002
          18   7721.6999999999998        1.4198944736956880E-028   2.7304803164501120E-002
          19   7721.8000000000002        1.4199682886895665E-028   2.7304808149787810E-002
          20   7721.8999999999996        1.4200421065717894E-028   2.7304813135146995E-002
          21   7722.0000000000000        1.4201159273435885E-028   2.7304818120578920E-002
          22   7722.1000000000004        1.4201897510027333E-028   2.7304823106083460E-002
          23   7722.1999999999998        1.4202635775492983E-028   2.7304828091660616E-002
          24   7722.3000000000002        1.4203374069856682E-028   2.7304833077310391E-002
          25   7722.3999999999996        1.4204112393096108E-028   2.7304838063032907E-002
          26   7722.5000000000000        1.4204850745235096E-028   2.7304843048827916E-002
          27   7722.6000000000004        1.4205589126239811E-028   2.7304848034695791E-002
          28   7722.6999999999998        1.4206327536157137E-028   2.7304853020636160E-002
          29   7722.8000000000002        1.4207065974953258E-028   2.7304858006649266E-002
          30   7722.8999999999996        1.4207804442628909E-028   2.7304862992734991E-002
          31   7723.0000000000000        1.4208542939207924E-028   2.7304867978893331E-002
          32   7723.1000000000004        1.4209281464691072E-028   2.7304872965124294E-002
          33   7723.1999999999998        1.4210020019032977E-028   2.7304877951427865E-002
          34   7723.3000000000002        1.4210758602280553E-028   2.7304882937804181E-002
          35   7723.3999999999996        1.4211497214422985E-028   2.7304887924253118E-002
          36   7723.5000000000000        1.4212235855461071E-028   2.7304892910774665E-002
          37   7723.6000000000004        1.4212974525384040E-028   2.7304897897368830E-002
          38   7723.6999999999998        1.4213713224215685E-028   2.7304902884035614E-002
          39   7723.8000000000002        1.4214451951956813E-028   2.7304907870775261E-002
          40   7723.8999999999996        1.4215190708562018E-028   2.7304912857587401E-002
          41   7724.0000000000000        1.4215929494078205E-028   2.7304917844472289E-002
          42   7724.1000000000004        1.4216668308506161E-028   2.7304922831429664E-002
          43   7724.1999999999998        1.4217407151823533E-028   2.7304927818459779E-002
          44   7724.3000000000002        1.4218146024031101E-028   2.7304932805562510E-002
          45   7724.3999999999996        1.4218884925141165E-028   2.7304937792737859E-002
          46   7724.5000000000000        1.4219623855154512E-028   2.7304942779985953E-002
          47   7724.6000000000004        1.4220362814083400E-028   2.7304947767306659E-002
          48   7724.6999999999998        1.4221101801905539E-028   2.7304952754699859E-002
          49   7724.8000000000002        1.4221840818621677E-028   2.7304957742165924E-002
          50   7724.8999999999996        1.4222579864255665E-028   2.7304962729704604E-002
          51   7725.0000000000000        1.4223318938808256E-028   2.7304967717315907E-002
          52   7725.1000000000004        1.4224058042234064E-028   2.7304972704999819E-002
          53   7725.1999999999998        1.4224797174603071E-028   2.7304977692756478E-002
          54   7725.3000000000002        1.4225536335835269E-028   2.7304982680585628E-002
          55   7725.3999999999996        1.4226275526000674E-028   2.7304987668487518E-002
          56   7725.5000000000000        1.4227014745088485E-028   2.7304992656462024E-002
          57   7725.6000000000004        1.4227753993076405E-028   2.7304997644509273E-002
          58   7725.6999999999998        1.4228493269965168E-028   2.7305002632629142E-002
          59   7725.8000000000002        1.4229232575778641E-028   2.7305007620821619E-002
          60   7725.8999999999996        1.4229971910494486E-028   2.7305012609086847E-002
          61   7726.0000000000000        1.4230711274113471E-028   2.7305017597424687E-002
          62   7726.1000000000004        1.4231450666659474E-028   2.7305022585835139E-002
          63   7726.1999999999998        1.4232190088133214E-028   2.7305027574318217E-002
          64   7726.3000000000002        1.4232929538512378E-028   2.7305032562874029E-002
          65   7726.3999999999996        1.4233669017786169E-028   2.7305037551502463E-002
          66   7726.5000000000000        1.4234408526001576E-028   2.7305042540203633E-002
          67   7726.6000000000004        1.4235148063124671E-028   2.7305047528977295E-002
          68   7726.6999999999998        1.4235887629156226E-028   2.7305052517823829E-002
          69   7726.8000000000002        1.4236627224120128E-028   2.7305057506742728E-002
          70   7726.8999999999996        1.4237366848017111E-028   2.7305062495734490E-002
          71   7727.0000000000000        1.4238106500801769E-028   2.7305067484798749E-002
          72   7727.1000000000004        1.4238846182544126E-028   2.7305072473935869E-002
          73   7727.1999999999998        1.4239585893175654E-028   2.7305077463145609E-002
          74   7727.3000000000002        1.4240325632743327E-028   2.7305082452427836E-002
          75   7727.3999999999996        1.4241065401247901E-028   2.7305087441782932E-002
          76   7727.5000000000000        1.4241805198667042E-028   2.7305092431210522E-002
          77   7727.6000000000004        1.4242545024989950E-028   2.7305097420710855E-002
          78   7727.6999999999998        1.4243284880263611E-028   2.7305102410283798E-002
          79   7727.8000000000002        1.4244024764454104E-028   2.7305107399929612E-002
          80   7727.8999999999996        1.4244764677585331E-028   2.7305112389647793E-002
          81   7728.0000000000000        1.4245504619634913E-028   2.7305117379438838E-002
          82   7728.1000000000004        1.4246244590603625E-028   2.7305122369302375E-002
          83   7728.1999999999998        1.4246984590515347E-028   2.7305127359238651E-002
          84   7728.3000000000002        1.4247724619370831E-028   2.7305132349247672E-002
          85   7728.3999999999996        1.4248464677124600E-028   2.7305137339329186E-002
          86   7728.5000000000000        1.4249204763846795E-028   2.7305142329483563E-002
          87   7728.6000000000004        1.4249944879468805E-028   2.7305147319710434E-002
          88   7728.6999999999998        1.4250685024037649E-028   2.7305152310010048E-002
          89   7728.8000000000002        1.4251425197554058E-028   2.7305157300382271E-002
          90   7728.8999999999996        1.4252165399972542E-028   2.7305162290827117E-002
          91   7729.0000000000000        1.4252905631351727E-028   2.7305167281344703E-002
          92   7729.1000000000004        1.4253645891646097E-028   2.7305172271934904E-002
          93   7729.1999999999998        1.4254386180914206E-028   2.7305177262597846E-002
          94   7729.3000000000002        1.4255126499087459E-028   2.7305182253333414E-002
          95   7729.3999999999996        1.4255866846212865E-028   2.7305187244141712E-002
          96   7729.5000000000000        1.4256607222268074E-028   2.7305192235022507E-002
          97   7729.6000000000004        1.4257347627276954E-028   2.7305197225976040E-002
          98   7729.6999999999998        1.4258088061240297E-028   2.7305202217002320E-002
          99   7729.8000000000002        1.4258828524112571E-028   2.7305207208101208E-002
         100   7729.8999999999996        1.4259569015940807E-028   2.7305212199272840E-002
         101   7730.0000000000000        1.4260309536725805E-028   2.7305217190517220E-002
         102   7730.1000000000004        1.4261050086445145E-028   2.7305222181833837E-002
         103   7730.1999999999998        1.4261790665099604E-028   2.7305227173223572E-002
         104   7730.3000000000002        1.4262531272713112E-028   2.7305232164685674E-002
         105   7730.3999999999996        1.4263271909263221E-028   2.7305237156220512E-002
         106   7730.5000000000000        1.4264012574762338E-028   2.7305242147828219E-002
         107   7730.6000000000004        1.4264753269211199E-028   2.7305247139508416E-002
         108   7730.6999999999998        1.4265493992598975E-028   2.7305252131261358E-002
         109   7730.8000000000002        1.4266234744949582E-028   2.7305257123086919E-002
         110   7730.8999999999996        1.4266975526263811E-028   2.7305262114985213E-002
         111   7731.0000000000000        1.4267716336496096E-028   2.7305267106956004E-002
         112   7731.1000000000004        1.4268457175716670E-028   2.7305272098999661E-002
         113   7731.1999999999998        1.4269198043856812E-028   2.7305277091115812E-002
         114   7731.3000000000002        1.4269938940963622E-028   2.7305282083304697E-002
         115   7731.3999999999996        1.4270679867037829E-028   2.7305287075566453E-002
         116   7731.5000000000000        1.4271420822033933E-028   2.7305292067900701E-002
         117   7731.6000000000004        1.4272161806022127E-028   2.7305297060307564E-002
         118   7731.6999999999998        1.4272902818933697E-028   2.7305302052787171E-002
         119   7731.8000000000002        1.4273643860838900E-028   2.7305307045339393E-002
         120   7731.8999999999996        1.4274384931669028E-028   2.7305312037964481E-002
         121   7732.0000000000000        1.4275126031471132E-028   2.7305317030662180E-002
         122   7732.1000000000004        1.4275867160246014E-028   2.7305322023432381E-002
         123   7732.1999999999998        1.4276608317948064E-028   2.7305327016275315E-002
         124   7732.3000000000002        1.4277349504647594E-028   2.7305332009190993E-002
         125   7732.3999999999996        1.4278090720275803E-028   2.7305337002179287E-002
         126   7732.5000000000000        1.4278831964903011E-028   2.7305341995240325E-002
         127   7732.6000000000004        1.4279573238448874E-028   2.7305346988373853E-002
         128   7732.6999999999998        1.4280314540983651E-028   2.7305351981580375E-002
         129   7732.8000000000002        1.4281055872473351E-028   2.7305356974859259E-002
         130   7732.8999999999996        1.4281797232941926E-028   2.7305361968211012E-002
         131   7733.0000000000000        1.4282538622366921E-028   2.7305366961635252E-002
         132   7733.1000000000004        1.4283280040772347E-028   2.7305371955132361E-002
         133   7733.1999999999998        1.4284021488135729E-028   2.7305376948702085E-002
         134   7733.3000000000002        1.4284762964481043E-028   2.7305381942344557E-002
         135   7733.3999999999996        1.4285504469785834E-028   2.7305386936059640E-002
         136   7733.5000000000000        1.4286246004050891E-028   2.7305391929847336E-002
         137   7733.6000000000004        1.4286987567300171E-028   2.7305396923707655E-002
         138   7733.6999999999998        1.4287729159511228E-028   2.7305401917640835E-002
         139   7733.8000000000002        1.4288470780684829E-028   2.7305406911646637E-002
         140   7733.8999999999996        1.4289212430868119E-028   2.7305411905725177E-002
         141   7734.0000000000000        1.4289954109992296E-028   2.7305416899876211E-002
         142   7734.1000000000004        1.4290695818104481E-028   2.7305421894099978E-002
         143   7734.1999999999998        1.4291437555182262E-028   2.7305426888396492E-002
         144   7734.3000000000002        1.4292179321249599E-028   2.7305431882765751E-002
         145   7734.3999999999996        1.4292921116284042E-028   2.7305436877207497E-002
         146   7734.5000000000000        1.4293662940309597E-028   2.7305441871722236E-002
         147   7734.6000000000004        1.4294404793303776E-028   2.7305446866309341E-002
         148   7734.6999999999998        1.4295146675267350E-028   2.7305451860969183E-002
         149   7734.8000000000002        1.4295888586224311E-028   2.7305456855701769E-002
         150   7734.8999999999996        1.4296630526152179E-028   2.7305461850507102E-002
         151   7735.0000000000000        1.4297372495074962E-028   2.7305466845385047E-002
         152   7735.1000000000004        1.4298114492970204E-028   2.7305471840335733E-002
         153   7735.1999999999998        1.4298856519861841E-028   2.7305476835358909E-002
         154   7735.3000000000002        1.4299598575727472E-028   2.7305481830455079E-002
         155   7735.3999999999996        1.4300340660567849E-028   2.7305486825623615E-002
         156   7735.5000000000000        1.4301082774406926E-028   2.7305491820865016E-002
         157   7735.6000000000004        1.4301824917222281E-028   2.7305496816179033E-002
         158   7735.6999999999998        1.4302567089037855E-028   2.7305501811565793E-002
         159   7735.8000000000002        1.4303309289831230E-028   2.7305506807025294E-002
         160   7735.8999999999996        1.4304051519603145E-028   2.7305511802557286E-002
         161   7736.0000000000000        1.4304793778377616E-028   2.7305516798162142E-002
         162   7736.1000000000004        1.4305536066155367E-028   2.7305521793839615E-002
         163   7736.1999999999998        1.4306278382890719E-028   2.7305526789589831E-002
         164   7736.3000000000002        1.4307020728654128E-028   2.7305531785412666E-002
         165   7736.3999999999996        1.4307763103376673E-028   2.7305536781308110E-002
         166   7736.5000000000000        1.4308505507105571E-028   2.7305541777276298E-002
         167   7736.6000000000004        1.4309247939841583E-028   2.7305546773317230E-002
         168   7736.6999999999998        1.4309990401562243E-028   2.7305551769430902E-002
         169   7736.8000000000002        1.4310732892256695E-028   2.7305556765617064E-002
         170   7736.8999999999996        1.4311475411972173E-028   2.7305561761876092E-002
         171   7737.0000000000000        1.4312217960674576E-028   2.7305566758207740E-002
         172   7737.1000000000004        1.4312960538364681E-028   2.7305571754612127E-002
         173   7737.1999999999998        1.4313703145089709E-028   2.7305576751089130E-002
         174   7737.3000000000002        1.4314445780780730E-028   2.7305581747638873E-002
         175   7737.3999999999996        1.4315188445484957E-028   2.7305586744261232E-002
         176   7737.5000000000000        1.4315931139179954E-028   2.7305591740956335E-002
         177   7737.6000000000004        1.4316673861889698E-028   2.7305596737724300E-002
         178   7737.6999999999998        1.4317416613591697E-028   2.7305601734564641E-002
         179   7737.8000000000002        1.4318159394309984E-028   2.7305606731477840E-002
         180   7737.8999999999996        1.4318902204022082E-028   2.7305611728463651E-002
         181   7738.0000000000000        1.4319645042728725E-028   2.7305616725522213E-002
         182   7738.1000000000004        1.4320387910453941E-028   2.7305621722653512E-002
         183   7738.1999999999998        1.4321130807175230E-028   2.7305626719857552E-002
         184   7738.3000000000002        1.4321873732916622E-028   2.7305631717134085E-002
         185   7738.3999999999996        1.4322616687655618E-028   2.7305636714483481E-002
         186   7738.5000000000000        1.4323359671392997E-028   2.7305641711905491E-002
         187   7738.6000000000004        1.4324102684152750E-028   2.7305646709400125E-002
         188   7738.6999999999998        1.4324845725935654E-028   2.7305651706967617E-002
         189   7738.8000000000002        1.4325588796707609E-028   2.7305656704607734E-002
         190   7738.8999999999996        1.4326331896515841E-028   2.7305661702320464E-002
         191   7739.0000000000000        1.4327075025303014E-028   2.7305666700105927E-002
         192   7739.1000000000004        1.4327818183116399E-028   2.7305671697964145E-002
         193   7739.1999999999998        1.4328561369956738E-028   2.7305676695894971E-002
         194   7739.3000000000002        1.4329304585801588E-028   2.7305681693898538E-002
         195   7739.3999999999996        1.4330047830651632E-028   2.7305686691974852E-002
         196   7739.5000000000000        1.4330791104530955E-028   2.7305691690123896E-002
         197   7739.6000000000004        1.4331534407417050E-028   2.7305696688345562E-002
         198   7739.6999999999998        1.4332277739333909E-028   2.7305701686639847E-002
         199   7739.8000000000002        1.4333021100259056E-028   2.7305706685006873E-002
         200   7739.8999999999996        1.4333764490193263E-028   2.7305711683446639E-002
         201   7740.0000000000000        1.4334507909160560E-028   2.7305716681959143E-002
         202   7740.1000000000004        1.4335251357138415E-028   2.7305721680544268E-002
         203   7740.1999999999998        1.4335994834150880E-028   2.7305726679202006E-002
         204   7740.3000000000002        1.4336738340175440E-028   2.7305731677932613E-002
         205   7740.3999999999996        1.4337481875236141E-028   2.7305736676735956E-002
         206   7740.5000000000000        1.4338225439310468E-028   2.7305741675611794E-002
         207   7740.6000000000004        1.4338969032399189E-028   2.7305746674560500E-002
         208   7740.6999999999998        1.4339712654526325E-028   2.7305751673581818E-002
         209   7740.8000000000002        1.4340456305669392E-028   2.7305756672675881E-002
         210   7740.8999999999996        1.4341199985852400E-028   2.7305761671842683E-002
         211   7741.0000000000000        1.4341943695052846E-028   2.7305766671082102E-002
         212   7741.1000000000004        1.4342687433294790E-028   2.7305771670394257E-002
         213   7741.1999999999998        1.4343431200555684E-028   2.7305776669779156E-002
         214   7741.3000000000002        1.4344174996836312E-028   2.7305781669236678E-002
         215   7741.3999999999996        1.4344918822160707E-028   2.7305786668766933E-002
         216   7741.5000000000000        1.4345662676506392E-028   2.7305791668369932E-002
         217   7741.6000000000004        1.4346406559897349E-028   2.7305796668045550E-002
         218   7741.6999999999998        1.4347150472311083E-028   2.7305801667793905E-002
         219   7741.8000000000002        1.4347894413748365E-028   2.7305806667615003E-002
         220   7741.8999999999996        1.4348638384233252E-028   2.7305811667508718E-002
         221   7742.0000000000000        1.4349382383766490E-028   2.7305816667475166E-002
         222   7742.1000000000004        1.4350126412325557E-028   2.7305821667514364E-002
         223   7742.1999999999998        1.4350870469911220E-028   2.7305826667626425E-002
         224   7742.3000000000002        1.4351614556524243E-028   2.7305831667810854E-002
         225   7742.3999999999996        1.4352358672188684E-028   2.7305836668068146E-002
         226   7742.5000000000000        1.4353102816905301E-028   2.7305841668398185E-002
         227   7742.6000000000004        1.4353846990651568E-028   2.7305846668800961E-002
         228   7742.6999999999998        1.4354591193428240E-028   2.7305851669276349E-002
         229   7742.8000000000002        1.4355335425259385E-028   2.7305856669824484E-002
         230   7742.8999999999996        1.4356079686134114E-028   2.7305861670445231E-002
         231   7743.0000000000000        1.4356823976053199E-028   2.7305866671138726E-002
         232   7743.1000000000004        1.4357568295005746E-028   2.7305871671904951E-002
         233   7743.1999999999998        1.4358312642992510E-028   2.7305876672743926E-002
         234   7743.3000000000002        1.4359057020037578E-028   2.7305881673655767E-002
         235   7743.3999999999996        1.4359801426118391E-028   2.7305886674640092E-002
         236   7743.5000000000000        1.4360545861259036E-028   2.7305891675697042E-002
         237   7743.6000000000004        1.4361290325436959E-028   2.7305896676826976E-002
         238   7743.6999999999998        1.4362034818676209E-028   2.7305901678029279E-002
         239   7743.8000000000002        1.4362779340954292E-028   2.7305906679304697E-002
         240   7743.8999999999996        1.4363523892271906E-028   2.7305911680652356E-002
         241   7744.0000000000000        1.4364268472653193E-028   2.7305916682073134E-002
         242   7744.1000000000004        1.4365013082075561E-028   2.7305921683566527E-002
         243   7744.1999999999998        1.4365757720563099E-028   2.7305926685132532E-002
         244   7744.3000000000002        1.4366502388093271E-028   2.7305931686771281E-002
         245   7744.3999999999996        1.4367247084666823E-028   2.7305936688482770E-002
         246   7744.5000000000000        1.4367991810307821E-028   2.7305941690266879E-002
         247   7744.6000000000004        1.4368736565017064E-028   2.7305946692123849E-002
         248   7744.6999999999998        1.4369481348771965E-028   2.7305951694053438E-002
         249   7744.8000000000002        1.4370226161573315E-028   2.7305956696055643E-002
         250   7744.8999999999996        1.4370971003421860E-028   2.7305961698130710E-002
         251   7745.0000000000000        1.4371715874376674E-028   2.7305966700278645E-002
         252   7745.1000000000004        1.4372460774345245E-028   2.7305971702498946E-002
         253   7745.1999999999998        1.4373205703386607E-028   2.7305976704792120E-002
         254   7745.3000000000002        1.4373950661478243E-028   2.7305981707158027E-002
         255   7745.3999999999996        1.4374695648644196E-028   2.7305986709596677E-002
         256   7745.5000000000000        1.4375440664861939E-028   2.7305991712107944E-002
         257   7745.6000000000004        1.4376185710155562E-028   2.7305996714692072E-002
         258   7745.6999999999998        1.4376930784502481E-028   2.7306001717348698E-002
         259   7745.8000000000002        1.4377675887903485E-028   2.7306006720078310E-002
         260   7745.8999999999996        1.4378421020382634E-028   2.7306011722880417E-002
         261   7746.0000000000000        1.4379166181940730E-028   2.7306016725755389E-002
         262   7746.1000000000004        1.4379911372531854E-028   2.7306021728702855E-002
         263   7746.1999999999998        1.4380656592203397E-028   2.7306026731723179E-002
         264   7746.3000000000002        1.4381401840956200E-028   2.7306031734816372E-002
         265   7746.3999999999996        1.4382147118767647E-028   2.7306036737982056E-002
         266   7746.5000000000000        1.4382892425638498E-028   2.7306041741220484E-002
         267   7746.6000000000004        1.4383637761604546E-028   2.7306046744531777E-002
         268   7746.6999999999998        1.4384383126643215E-028   2.7306051747915686E-002
         269   7746.8000000000002        1.4385128520720221E-028   2.7306056751372331E-002
         270   7746.8999999999996        1.4385873943883051E-028   2.7306061754901721E-002
         271   7747.0000000000000        1.4386619396132463E-028   2.7306066758503854E-002
         272   7747.1000000000004        1.4387364877445865E-028   2.7306071762178603E-002
         273   7747.1999999999998        1.4388110387824013E-028   2.7306076765926213E-002
         274   7747.3000000000002        1.4388855927291037E-028   2.7306081769746440E-002
         275   7747.3999999999996        1.4389601495824337E-028   2.7306086773639410E-002
         276   7747.5000000000000        1.4390347093448056E-028   2.7306091777604874E-002
         277   7747.6000000000004        1.4391092720139576E-028   2.7306096781643450E-002
         278   7747.6999999999998        1.4391838375923018E-028   2.7306101785754641E-002
         279   7747.8000000000002        1.4392584060775796E-028   2.7306106789938323E-002
         280   7747.8999999999996        1.4393329774710364E-028   2.7306111794194999E-002
         281   7748.0000000000000        1.4394075517727476E-028   2.7306116798524165E-002
         282   7748.1000000000004        1.4394821289816235E-028   2.7306121802926318E-002
         283   7748.1999999999998        1.4395567091000711E-028   2.7306126807401094E-002
         284   7748.3000000000002        1.4396312921258363E-028   2.7306131811948478E-002
         285   7748.3999999999996        1.4397058780589931E-028   2.7306136816568738E-002
         286   7748.5000000000000        1.4397804669019540E-028   2.7306141821261606E-002
         287   7748.6000000000004        1.4398550586524606E-028   2.7306146826027337E-002
         288   7748.6999999999998        1.4399296533129231E-028   2.7306151830865565E-002
         289   7748.8000000000002        1.4400042508810837E-028   2.7306156835776654E-002
         290   7748.8999999999996        1.4400788513593561E-028   2.7306161840760491E-002
         291   7749.0000000000000        1.4401534547454779E-028   2.7306166845817069E-002
         292   7749.1000000000004        1.4402280610406962E-028   2.7306171850946259E-002
         293   7749.1999999999998        1.4403026702450825E-028   2.7306176856148438E-002
         294   7749.3000000000002        1.4403772823575502E-028   2.7306181861423112E-002
         295   7749.3999999999996        1.4404518973805116E-028   2.7306186866770527E-002
         296   7749.5000000000000        1.4405265153117039E-028   2.7306191872190799E-002
         297   7749.6000000000004        1.4406011361535419E-028   2.7306196877683570E-002
         298   7749.6999999999998        1.4406757599037659E-028   2.7306201883249330E-002
         299   7749.8000000000002        1.4407503865624495E-028   2.7306206888887581E-002
         300   7749.8999999999996        1.4408250161320100E-028   2.7306211894598698E-002
